  example_8.cpp
c:\users\czy\desktop\编程工作目录\c++\myc++project\myc++project\example_8.cpp(277): warning C4305: “参数”: 从“int”到“char”截断
c:\users\czy\desktop\编程工作目录\c++\myc++project\myc++project\example_8.cpp(277): warning C4309: “参数”: 截断常量值
c:\users\czy\desktop\编程工作目录\c++\myc++project\myc++project\example_8.cpp(278): warning C4305: “参数”: 从“int”到“char”截断
c:\users\czy\desktop\编程工作目录\c++\myc++project\myc++project\example_8.cpp(278): warning C4309: “参数”: 截断常量值
c:\users\czy\desktop\编程工作目录\c++\myc++project\myc++project\example_8.cpp(281): warning C4018: “<”: 有符号/无符号不匹配
c:\users\czy\desktop\编程工作目录\c++\myc++project\myc++project\example_8.cpp(282): warning C4244: “=”: 从“double”转换到“__int64”，可能丢失数据
c:\users\czy\desktop\编程工作目录\c++\myc++project\myc++project\example_8.cpp(284): warning C4305: “参数”: 从“int”到“char”截断
c:\users\czy\desktop\编程工作目录\c++\myc++project\myc++project\example_8.cpp(284): warning C4309: “参数”: 截断常量值
c:\users\czy\desktop\编程工作目录\c++\myc++project\myc++project\example_8.cpp(287): warning C4305: “参数”: 从“int”到“char”截断
c:\users\czy\desktop\编程工作目录\c++\myc++project\myc++project\example_8.cpp(287): warning C4309: “参数”: 截断常量值
c:\users\czy\desktop\编程工作目录\c++\myc++project\myc++project\example_8.cpp(290): warning C4305: “参数”: 从“int”到“char”截断
c:\users\czy\desktop\编程工作目录\c++\myc++project\myc++project\example_8.cpp(290): warning C4309: “参数”: 截断常量值
c:\users\czy\desktop\编程工作目录\c++\myc++project\myc++project\example_8.cpp(293): warning C4305: “参数”: 从“int”到“char”截断
c:\users\czy\desktop\编程工作目录\c++\myc++project\myc++project\example_8.cpp(293): warning C4309: “参数”: 截断常量值
c:\users\czy\desktop\编程工作目录\c++\myc++project\myc++project\example_8.cpp(296): warning C4305: “参数”: 从“int”到“char”截断
c:\users\czy\desktop\编程工作目录\c++\myc++project\myc++project\example_8.cpp(296): warning C4309: “参数”: 截断常量值
LINK : warning LNK4075: 忽略“/INCREMENTAL”(由于“/PROFILE”规范)
example_8.obj : warning LNK4075: 忽略“/EDITANDCONTINUE”(由于“/OPT:LBR”规范)
  myC++project.vcxproj -> C:\Users\CZY\Desktop\编程工作目录\C++\myC++project\Debug\myC++project.exe
  myC++project.vcxproj -> C:\Users\CZY\Desktop\编程工作目录\C++\myC++project\Debug\myC++project.pdb (Full PDB)
